v0.1.0
#发布第一个版本
新实现功能
*1 登录注册
*2 发布博客(无空格换行符)
*3 看博客

v0.2.0
#新增管理员机制
新实现功能
*1 时间显示
*2 管理员可以自主增加或删除管理员
*3 在各个功能模块下，检测用户名，禁止null初始化用户进入
*3 修复了一部分功能键混乱的状况，识别功能键的变量已改为局部变量

v0.3.0
#博客发布功能进一步完善
新实现功能
*1 博客可以发布换行符，输入"submit"后换行即可发布 

v0.3.5
#紧急修复看博客中间没有间隔的漏洞
新功能实现
无

v0.4.0
#title根据实际情况实时变化
新功能实现
*1 title不再单一，会根据实际情况而变化

v0.5.0
#加入新功能及完善注册系统
新功能实现
*1 注册时要求重复输入密码，防止手误
*2 加入博客评论系统
*3 更改博客阅读方式，可以返回上一篇博客或查看下一篇博客

v0.6.0
#加入用户搜索功能
新功能实现
*1 主页上方将会显示用户编号
*2 用户可以根据编号搜索用户
*3 修改了注册时重复密码无法通过的漏洞

v0.6.5
#完善用户搜索功能，加入登录界面返回功能
新功能实现
*1 用户ID生成无规律
*2 在登录/注册界面，输入"return"即可返回